#
# A fatal error has been detected by the Java Runtime Environment:
#
#  EXCEPTION_STACK_OVERFLOW (0xc00000fd) at pc=0x000000005ade3a67, pid=27480, tid=0x0000000000006d10
#
# JRE version: Java(TM) SE Runtime Environment (8.0_111-b14) (build 1.8.0_111-b14)
# Java VM: Java HotSpot(TM) 64-Bit Server VM (25.111-b14 mixed mode windows-amd64 compressed oops)
# Problematic frame:
# V  [jvm.dll+0x213a67]
#
# Failed to write core dump. Minidumps are not enabled by default on client versions of Windows
#
# If you would like to submit a bug report, please visit:
#   http://bugreport.java.com/bugreport/crash.jsp
#

---------------  T H R E A D  ---------------

Current thread (0x000000001afc1800):  JavaThread "Thread-0" [_thread_in_vm, id=27920, stack(0x000000001c130000,0x000000001c230000)]

siginfo: ExceptionCode=0xc00000fd, ExceptionInformation=0x0000000000000001 0x000000001c22a2e0 

Registers:
RAX=0x000000001c22a2e0, RBX=0x0000000000000006, RCX=0x0000000000005000, RDX=0x0000000000000006
RSP=0x000000001c22f2e0, RBP=0x0000000000000000, RSI=0x000000001c22f2e0, RDI=0x0000000000000006
R8 =0x0000000000000006, R9 =0x000000001aff4bd0, R10=0x0000000016fd2b30, R11=0x000000001c13a168
R12=0x000000001aff4bd0, R13=0x000000001afc1800, R14=0x000000001c22f3a8, R15=0x0000000016fd2b30
RIP=0x000000005ade3a67, EFLAGS=0x0000000000010202

Top of Stack: (sp=0x000000001c22f2e0)
0x000000001c22f2e0:   000014d70b39fbe8 000000005b4c4e7e
0x000000001c22f2f0:   000000001afc1800 000000001aff4bd0
0x000000001c22f300:   00000000ffffffff 000000005ade4997
0x000000001c22f310:   000000001c22f410 0000000016fd2b30
0x000000001c22f320:   000000001afc1800 000000005ac903c3
0x000000001c22f330:   000000001c22f370 000000001afc1800
0x000000001c22f340:   000000001c22f400 000000001afc1800
0x000000001c22f350:   0000000016fd2b30 000000001afc1800
0x000000001c22f360:   0000000002b33200 000000001afc1800
0x000000001c22f370:   0000000016fd2b30 000000001afc1800
0x000000001c22f380:   0000000016cdd470 000000001afc1800
0x000000001c22f390:   0000000000000001 0000000016fd2b30
0x000000001c22f3a0:   000000001afc1800 0000000019773490
0x000000001c22f3b0:   000000001afc1800 000000005ac918ad
0x000000001c22f3c0:   000000001c22f6c8 00000001000069a0
0x000000001c22f3d0:   0000000100062470 0000000000000000 

Instructions: (pc=0x000000005ade3a67)
0x000000005ade3a47:   48 89 6c 24 30 33 ed 66 90 e8 8b 39 08 00 ff c3
0x000000005ade3a57:   48 63 c8 48 8b c6 48 0f af cf 48 ff c7 48 2b c1
0x000000005ade3a67:   89 28 48 63 c3 48 3b 05 65 0c 59 00 7e db 48 8b
0x000000005ade3a77:   6c 24 30 48 8b 5c 24 38 48 8b 74 24 40 48 83 c4 


Register to memory mapping:

RAX=0x000000001c22a2e0 is pointing into the stack for thread: 0x000000001afc1800
RBX=0x0000000000000006 is an unknown value
RCX=0x0000000000005000 is an unknown value
RDX=0x0000000000000006 is an unknown value
RSP=0x000000001c22f2e0 is pointing into the stack for thread: 0x000000001afc1800
RBP=0x0000000000000000 is an unknown value
RSI=0x000000001c22f2e0 is pointing into the stack for thread: 0x000000001afc1800
RDI=0x0000000000000006 is an unknown value
R8 =0x0000000000000006 is an unknown value
R9 =0x000000001aff4bd0 is an unknown value
R10={method} {0x0000000016fd2b38} 'run' '()V' in 'java/util/logging/LogManager$Cleaner'
R11=0x000000001c13a168 is pointing into the stack for thread: 0x000000001afc1800
R12=0x000000001aff4bd0 is an unknown value
R13=0x000000001afc1800 is a thread
R14=0x000000001c22f3a8 is pointing into the stack for thread: 0x000000001afc1800
R15={method} {0x0000000016fd2b38} 'run' '()V' in 'java/util/logging/LogManager$Cleaner'


Stack: [0x000000001c130000,0x000000001c230000],  sp=0x000000001c22f2e0,  free space=1020k
Native frames: (J=compiled Java code, j=interpreted, Vv=VM code, C=native code)


---------------  P R O C E S S  ---------------

Java Threads: ( => current thread )
=>0x000000001afc1800 JavaThread "Thread-0" [_thread_in_vm, id=27920, stack(0x000000001c130000,0x000000001c230000)]
  0x0000000002a25000 JavaThread "DestroyJavaVM" [_thread_blocked, id=27016, stack(0x0000000002820000,0x0000000002920000)]
  0x0000000019bc6000 JavaThread "RMI Scheduler(0)" daemon [_thread_blocked, id=27692, stack(0x000000001ac60000,0x000000001ad60000)]
  0x0000000019b71800 JavaThread "RMI TCP Connection(1)-192.168.4.40" daemon [_thread_in_native, id=27716, stack(0x000000001ab60000,0x000000001ac60000)]
  0x0000000019567800 JavaThread "RMI TCP Accept-0" daemon [_thread_in_native, id=10316, stack(0x0000000019ca0000,0x0000000019da0000)]
  0x0000000018d0c800 JavaThread "Service Thread" daemon [_thread_blocked, id=26896, stack(0x00000000193a0000,0x00000000194a0000)]
  0x0000000018c76000 JavaThread "C1 CompilerThread2" daemon [_thread_blocked, id=27024, stack(0x00000000192a0000,0x00000000193a0000)]
  0x0000000018c72800 JavaThread "C2 CompilerThread1" daemon [_thread_blocked, id=24288, stack(0x00000000191a0000,0x00000000192a0000)]
  0x0000000018c6f000 JavaThread "C2 CompilerThread0" daemon [_thread_blocked, id=15068, stack(0x00000000190a0000,0x00000000191a0000)]
  0x0000000018c5e800 JavaThread "Monitor Ctrl-Break" daemon [_thread_in_native, id=25880, stack(0x0000000018fa0000,0x00000000190a0000)]
  0x00000000189e2800 JavaThread "Attach Listener" daemon [_thread_blocked, id=28016, stack(0x0000000018ea0000,0x0000000018fa0000)]
  0x0000000017663000 JavaThread "Signal Dispatcher" daemon [_thread_blocked, id=27080, stack(0x0000000018da0000,0x0000000018ea0000)]
  0x0000000002b18800 JavaThread "Finalizer" daemon [_thread_blocked, id=28280, stack(0x00000000188a0000,0x00000000189a0000)]
  0x0000000002b13000 JavaThread "Reference Handler" daemon [_thread_blocked, id=28284, stack(0x00000000187a0000,0x00000000188a0000)]

Other Threads:
  0x0000000017617000 VMThread [stack: 0x00000000186a0000,0x00000000187a0000] [id=26912]
  0x000000001956f800 WatcherThread [stack: 0x0000000019da0000,0x0000000019ea0000] [id=26712]

VM state:not at safepoint (normal execution)

VM Mutex/Monitor currently owned by a thread: None

Heap:
 PSYoungGen      total 38400K, used 2027K [0x00000000d5f00000, 0x00000000d8980000, 0x0000000100000000)
  eden space 33280K, 6% used [0x00000000d5f00000,0x00000000d60faea8,0x00000000d7f80000)
  from space 5120K, 0% used [0x00000000d8480000,0x00000000d8480000,0x00000000d8980000)
  to   space 5120K, 0% used [0x00000000d7f80000,0x00000000d7f80000,0x00000000d8480000)
 ParOldGen       total 64000K, used 6386K [0x0000000081c00000, 0x0000000085a80000, 0x00000000d5f00000)
  object space 64000K, 9% used [0x0000000081c00000,0x000000008223caa8,0x0000000085a80000)
 Metaspace       used 21443K, capacity 22182K, committed 22656K, reserved 1075200K
  class space    used 2905K, capacity 3083K, committed 3200K, reserved 1048576K

Card table byte_map: [0x0000000011ee0000,0x00000000122e0000] byte_map_base: 0x0000000011ad2000

Marking Bits: (ParMarkBitMap*) 0x000000005b3ea6c0
 Begin Bits: [0x0000000012990000, 0x0000000014920000)
 End Bits:   [0x0000000014920000, 0x00000000168b0000)

Polling page: 0x00000000003f0000

CodeCache: size=245760Kb used=3909Kb max_used=3909Kb free=241850Kb
 bounds [0x0000000002b20000, 0x0000000002f00000, 0x0000000011b20000]
 total_blobs=2210 nmethods=1809 adapters=313
 compilation: enabled

Compilation events (10 events):
Event: 2.422 Thread 0x0000000018c76000 1805       1       org.springframework.core.ResolvableType::<init> (39 bytes)
Event: 2.422 Thread 0x0000000018c76000 nmethod 1805 0x0000000002eefc50 code [0x0000000002eefda0, 0x0000000002eeff68]
Event: 2.423 Thread 0x0000000018c76000 1806       1       sun.nio.cs.ext.DoubleByte$Encoder::encode (161 bytes)
Event: 2.423 Thread 0x0000000018c76000 nmethod 1806 0x0000000002ef0010 code [0x0000000002ef01a0, 0x0000000002ef0550]
Event: 2.424 Thread 0x0000000018c76000 1807       1       java.nio.CharBuffer::arrayOffset (35 bytes)
Event: 2.424 Thread 0x0000000018c76000 nmethod 1807 0x0000000002ef0a90 code [0x0000000002ef0c00, 0x0000000002ef0df8]
Event: 2.425 Thread 0x0000000018c76000 1808       1       java.io.BufferedWriter::ensureOpen (18 bytes)
Event: 2.425 Thread 0x0000000018c76000 nmethod 1808 0x0000000002ef0f10 code [0x0000000002ef1080, 0x0000000002ef1248]
Event: 2.425 Thread 0x0000000018c76000 1809       1       java.nio.charset.CoderResult::isUnderflow (13 bytes)
Event: 2.425 Thread 0x0000000018c76000 nmethod 1809 0x0000000002ef1310 code [0x0000000002ef1460, 0x0000000002ef1590]

GC Heap History (10 events):
Event: 1.930 GC heap before
{Heap before GC invocations=6 (full 2):
 PSYoungGen      total 38400K, used 5115K [0x00000000d5f00000, 0x00000000d8980000, 0x0000000100000000)
  eden space 33280K, 0% used [0x00000000d5f00000,0x00000000d5f00000,0x00000000d7f80000)
  from space 5120K, 99% used [0x00000000d8480000,0x00000000d897ef38,0x00000000d8980000)
  to   space 5120K, 0% used [0x00000000d7f80000,0x00000000d7f80000,0x00000000d8480000)
 ParOldGen       total 64000K, used 4297K [0x0000000081c00000, 0x0000000085a80000, 0x00000000d5f00000)
  object space 64000K, 6% used [0x0000000081c00000,0x00000000820326c8,0x0000000085a80000)
 Metaspace       used 20487K, capacity 21150K, committed 21296K, reserved 1069056K
  class space    used 2757K, capacity 2923K, committed 2944K, reserved 1048576K
Event: 1.968 GC heap after
Heap after GC invocations=6 (full 2):
 PSYoungGen      total 38400K, used 0K [0x00000000d5f00000, 0x00000000d8980000, 0x0000000100000000)
  eden space 33280K, 0% used [0x00000000d5f00000,0x00000000d5f00000,0x00000000d7f80000)
  from space 5120K, 0% used [0x00000000d8480000,0x00000000d8480000,0x00000000d8980000)
  to   space 5120K, 0% used [0x00000000d7f80000,0x00000000d7f80000,0x00000000d8480000)
 ParOldGen       total 64000K, used 7933K [0x0000000081c00000, 0x0000000085a80000, 0x00000000d5f00000)
  object space 64000K, 12% used [0x0000000081c00000,0x00000000823bf538,0x0000000085a80000)
 Metaspace       used 20485K, capacity 21144K, committed 21296K, reserved 1069056K
  class space    used 2756K, capacity 2922K, committed 2944K, reserved 1048576K
}
Event: 2.283 GC heap before
{Heap before GC invocations=7 (full 2):
 PSYoungGen      total 38400K, used 33280K [0x00000000d5f00000, 0x00000000d8980000, 0x0000000100000000)
  eden space 33280K, 100% used [0x00000000d5f00000,0x00000000d7f80000,0x00000000d7f80000)
  from space 5120K, 0% used [0x00000000d8480000,0x00000000d8480000,0x00000000d8980000)
  to   space 5120K, 0% used [0x00000000d7f80000,0x00000000d7f80000,0x00000000d8480000)
 ParOldGen       total 64000K, used 7933K [0x0000000081c00000, 0x0000000085a80000, 0x00000000d5f00000)
  object space 64000K, 12% used [0x0000000081c00000,0x00000000823bf538,0x0000000085a80000)
 Metaspace       used 21457K, capacity 22222K, committed 22400K, reserved 1075200K
  class space    used 2901K, capacity 3115K, committed 3200K, reserved 1048576K
Event: 2.285 GC heap after
Heap after GC invocations=7 (full 2):
 PSYoungGen      total 38400K, used 2182K [0x00000000d5f00000, 0x00000000d8980000, 0x0000000100000000)
  eden space 33280K, 0% used [0x00000000d5f00000,0x00000000d5f00000,0x00000000d7f80000)
  from space 5120K, 42% used [0x00000000d7f80000,0x00000000d81a18d8,0x00000000d8480000)
  to   space 5120K, 0% used [0x00000000d8480000,0x00000000d8480000,0x00000000d8980000)
 ParOldGen       total 64000K, used 7941K [0x0000000081c00000, 0x0000000085a80000, 0x00000000d5f00000)
  object space 64000K, 12% used [0x0000000081c00000,0x00000000823c1538,0x0000000085a80000)
 Metaspace       used 21457K, capacity 22222K, committed 22400K, reserved 1075200K
  class space    used 2901K, capacity 3115K, committed 3200K, reserved 1048576K
}
Event: 2.285 GC heap before
{Heap before GC invocations=8 (full 3):
 PSYoungGen      total 38400K, used 2182K [0x00000000d5f00000, 0x00000000d8980000, 0x0000000100000000)
  eden space 33280K, 0% used [0x00000000d5f00000,0x00000000d5f00000,0x00000000d7f80000)
  from space 5120K, 42% used [0x00000000d7f80000,0x00000000d81a18d8,0x00000000d8480000)
  to   space 5120K, 0% used [0x00000000d8480000,0x00000000d8480000,0x00000000d8980000)
 ParOldGen       total 64000K, used 7941K [0x0000000081c00000, 0x0000000085a80000, 0x00000000d5f00000)
  object space 64000K, 12% used [0x0000000081c00000,0x00000000823c1538,0x0000000085a80000)
 Metaspace       used 21457K, capacity 22222K, committed 22400K, reserved 1075200K
  class space    used 2901K, capacity 3115K, committed 3200K, reserved 1048576K
Event: 2.343 GC heap after
Heap after GC invocations=8 (full 3):
 PSYoungGen      total 38400K, used 0K [0x00000000d5f00000, 0x00000000d8980000, 0x0000000100000000)
  eden space 33280K, 0% used [0x00000000d5f00000,0x00000000d5f00000,0x00000000d7f80000)
  from space 5120K, 0% used [0x00000000d7f80000,0x00000000d7f80000,0x00000000d8480000)
  to   space 5120K, 0% used [0x00000000d8480000,0x00000000d8480000,0x00000000d8980000)
 ParOldGen       total 64000K, used 7195K [0x0000000081c00000, 0x0000000085a80000, 0x00000000d5f00000)
  object space 64000K, 11% used [0x0000000081c00000,0x0000000082306e60,0x0000000085a80000)
 Metaspace       used 21457K, capacity 22222K, committed 22400K, reserved 1073152K
  class space    used 2901K, capacity 3115K, committed 3200K, reserved 1048576K
}
Event: 2.343 GC heap before
{Heap before GC invocations=9 (full 3):
 PSYoungGen      total 38400K, used 0K [0x00000000d5f00000, 0x00000000d8980000, 0x0000000100000000)
  eden space 33280K, 0% used [0x00000000d5f00000,0x00000000d5f00000,0x00000000d7f80000)
  from space 5120K, 0% used [0x00000000d7f80000,0x00000000d7f80000,0x00000000d8480000)
  to   space 5120K, 0% used [0x00000000d8480000,0x00000000d8480000,0x00000000d8980000)
 ParOldGen       total 64000K, used 7195K [0x0000000081c00000, 0x0000000085a80000, 0x00000000d5f00000)
  object space 64000K, 11% used [0x0000000081c00000,0x0000000082306e60,0x0000000085a80000)
 Metaspace       used 21457K, capacity 22222K, committed 22400K, reserved 1077248K
  class space    used 2901K, capacity 3115K, committed 3200K, reserved 1048576K
Event: 2.344 GC heap after
Heap after GC invocations=9 (full 3):
 PSYoungGen      total 38400K, used 0K [0x00000000d5f00000, 0x00000000d8980000, 0x0000000100000000)
  eden space 33280K, 0% used [0x00000000d5f00000,0x00000000d5f00000,0x00000000d7f80000)
  from space 5120K, 0% used [0x00000000d8480000,0x00000000d8480000,0x00000000d8980000)
  to   space 5120K, 0% used [0x00000000d7f80000,0x00000000d7f80000,0x00000000d8480000)
 ParOldGen       total 64000K, used 7195K [0x0000000081c00000, 0x0000000085a80000, 0x00000000d5f00000)
  object space 64000K, 11% used [0x0000000081c00000,0x0000000082306e60,0x0000000085a80000)
 Metaspace       used 21457K, capacity 22222K, committed 22400K, reserved 1077248K
  class space    used 2901K, capacity 3115K, committed 3200K, reserved 1048576K
}
Event: 2.344 GC heap before
{Heap before GC invocations=10 (full 4):
 PSYoungGen      total 38400K, used 0K [0x00000000d5f00000, 0x00000000d8980000, 0x0000000100000000)
  eden space 33280K, 0% used [0x00000000d5f00000,0x00000000d5f00000,0x00000000d7f80000)
  from space 5120K, 0% used [0x00000000d8480000,0x00000000d8480000,0x00000000d8980000)
  to   space 5120K, 0% used [0x00000000d7f80000,0x00000000d7f80000,0x00000000d8480000)
 ParOldGen       total 64000K, used 7195K [0x0000000081c00000, 0x0000000085a80000, 0x00000000d5f00000)
  object space 64000K, 11% used [0x0000000081c00000,0x0000000082306e60,0x0000000085a80000)
 Metaspace       used 21457K, capacity 22222K, committed 22400K, reserved 1077248K
  class space    used 2901K, capacity 3115K, committed 3200K, reserved 1048576K
Event: 2.409 GC heap after
Heap after GC invocations=10 (full 4):
 PSYoungGen      total 38400K, used 0K [0x00000000d5f00000, 0x00000000d8980000, 0x0000000100000000)
  eden space 33280K, 0% used [0x00000000d5f00000,0x00000000d5f00000,0x00000000d7f80000)
  from space 5120K, 0% used [0x00000000d8480000,0x00000000d8480000,0x00000000d8980000)
  to   space 5120K, 0% used [0x00000000d7f80000,0x00000000d7f80000,0x00000000d8480000)
 ParOldGen       total 64000K, used 6386K [0x0000000081c00000, 0x0000000085a80000, 0x00000000d5f00000)
  object space 64000K, 9% used [0x0000000081c00000,0x000000008223caa8,0x0000000085a80000)
 Metaspace       used 21340K, capacity 22034K, committed 22400K, reserved 1073152K
  class space    used 2881K, capacity 3079K, committed 3200K, reserved 1048576K
}

Deoptimization events (0 events):
No events

Internal exceptions (10 events):
Event: 2.420 Thread 0x0000000002a25000 Exception <a 'java/lang/ArrayIndexOutOfBoundsException'> (0x00000000d5fe3f38) thrown at [C:\re\workspace\8-2-build-windows-amd64-cygwin\jdk8u111\7883\hotspot\src\share\vm\runtime\sharedRuntime.cpp, line 605]
Event: 2.420 Thread 0x0000000002a25000 Exception <a 'java/lang/ArrayIndexOutOfBoundsException'> (0x00000000d5fe5e98) thrown at [C:\re\workspace\8-2-build-windows-amd64-cygwin\jdk8u111\7883\hotspot\src\share\vm\runtime\sharedRuntime.cpp, line 605]
Event: 2.421 Thread 0x0000000002a25000 Exception <a 'java/lang/ArrayIndexOutOfBoundsException'> (0x00000000d5ff8fc8) thrown at [C:\re\workspace\8-2-build-windows-amd64-cygwin\jdk8u111\7883\hotspot\src\share\vm\runtime\sharedRuntime.cpp, line 605]
Event: 2.421 Thread 0x0000000002a25000 Exception <a 'java/lang/ArrayIndexOutOfBoundsException'> (0x00000000d601c028) thrown at [C:\re\workspace\8-2-build-windows-amd64-cygwin\jdk8u111\7883\hotspot\src\share\vm\runtime\sharedRuntime.cpp, line 605]
Event: 2.422 Thread 0x0000000002a25000 Exception <a 'java/lang/OutOfMemoryError'> (0x00000000d6027298) thrown at [C:\re\workspace\8-2-build-windows-amd64-cygwin\jdk8u111\7883\hotspot\src\share\vm\prims\jni.cpp, line 735]
Event: 2.422 Thread 0x0000000002a25000 Exception <a 'java/lang/OutOfMemoryError'> (0x00000000d6027298) thrown at [C:\re\workspace\8-2-build-windows-amd64-cygwin\jdk8u111\7883\hotspot\src\share\vm\prims\jvm.cpp, line 1390]
Event: 2.422 Thread 0x0000000002a25000 Exception <a 'java/lang/ArrayIndexOutOfBoundsException'> (0x00000000d6028730) thrown at [C:\re\workspace\8-2-build-windows-amd64-cygwin\jdk8u111\7883\hotspot\src\share\vm\runtime\sharedRuntime.cpp, line 605]
Event: 2.423 Thread 0x0000000002a25000 Exception <a 'java/lang/OutOfMemoryError'> (0x00000000d6044b00) thrown at [C:\re\workspace\8-2-build-windows-amd64-cygwin\jdk8u111\7883\hotspot\src\share\vm\prims\jni.cpp, line 735]
Event: 2.423 Thread 0x0000000002a25000 Exception <a 'java/lang/OutOfMemoryError'> (0x00000000d6078340) thrown at [C:\re\workspace\8-2-build-windows-amd64-cygwin\jdk8u111\7883\hotspot\src\share\vm\prims\jni.cpp, line 735]
Event: 2.423 Thread 0x0000000002a25000 Exception <a 'java/lang/OutOfMemoryError'> (0x00000000d6078340) thrown at [C:\re\workspace\8-2-build-windows-amd64-cygwin\jdk8u111\7883\hotspot\src\share\vm\prims\jvm.cpp, line 1390]

Events (10 events):
Event: 2.423 loading class ch/qos/logback/classic/spi/ThrowableProxy done
Event: 2.424 loading class java/lang/Throwable$WrappedPrintStream
Event: 2.424 loading class java/lang/Throwable$WrappedPrintStream done
Event: 2.424 loading class java/util/IdentityHashMap$KeySet
Event: 2.424 loading class java/util/IdentityHashMap$KeySet done
Event: 2.425 Thread 0x0000000002a25000 Thread exited: 0x0000000002a25000
Event: 2.425 Thread 0x0000000002a25000 Thread added: 0x0000000002a25000
Event: 2.425 loading class java/util/IdentityHashMap$KeyIterator
Event: 2.425 loading class java/util/IdentityHashMap$KeyIterator done
Event: 2.425 Thread 0x000000001afc1800 Thread added: 0x000000001afc1800


Dynamic libraries:
0x00007ff7f7a50000 - 0x00007ff7f7a87000 	E:\Develop\Java\jdk1.8.0_111\bin\java.exe
0x00007ffda9b80000 - 0x00007ffda9d61000 	C:\WINDOWS\SYSTEM32\ntdll.dll
0x00007ffda7b30000 - 0x00007ffda7be1000 	C:\WINDOWS\System32\KERNEL32.DLL
0x00007ffda6a30000 - 0x00007ffda6ca3000 	C:\WINDOWS\System32\KERNELBASE.dll
0x00007ffda7950000 - 0x00007ffda79f1000 	C:\WINDOWS\System32\ADVAPI32.dll
0x00007ffda9860000 - 0x00007ffda98fe000 	C:\WINDOWS\System32\msvcrt.dll
0x00007ffda9040000 - 0x00007ffda909b000 	C:\WINDOWS\System32\sechost.dll
0x00007ffda99a0000 - 0x00007ffda9ac4000 	C:\WINDOWS\System32\RPCRT4.dll
0x00007ffda94f0000 - 0x00007ffda9680000 	C:\WINDOWS\System32\USER32.dll
0x00007ffda6cb0000 - 0x00007ffda6cd0000 	C:\WINDOWS\System32\win32u.dll
0x00007ffda76b0000 - 0x00007ffda76d8000 	C:\WINDOWS\System32\GDI32.dll
0x00007ffda6de0000 - 0x00007ffda6f71000 	C:\WINDOWS\System32\gdi32full.dll
0x00007ffda5f40000 - 0x00007ffda5fdf000 	C:\WINDOWS\System32\msvcp_win.dll
0x00007ffda6030000 - 0x00007ffda6128000 	C:\WINDOWS\System32\ucrtbase.dll
0x00007ffd98880000 - 0x00007ffd98ae9000 	C:\WINDOWS\WinSxS\amd64_microsoft.windows.common-controls_6595b64144ccf1df_6.0.17134.1067_none_d401a3eb7c8ebdea\COMCTL32.dll
0x00007ffda72a0000 - 0x00007ffda75c1000 	C:\WINDOWS\System32\combase.dll
0x00007ffda6f80000 - 0x00007ffda6ff9000 	C:\WINDOWS\System32\bcryptPrimitives.dll
0x00007ffda70c0000 - 0x00007ffda70ed000 	C:\WINDOWS\System32\IMM32.DLL
0x000000005b470000 - 0x000000005b542000 	E:\Develop\Java\jdk1.8.0_111\jre\bin\msvcr100.dll
0x000000005abd0000 - 0x000000005b46a000 	E:\Develop\Java\jdk1.8.0_111\jre\bin\server\jvm.dll
0x00007ffda9ad0000 - 0x00007ffda9ad8000 	C:\WINDOWS\System32\PSAPI.DLL
0x00007ffd97390000 - 0x00007ffd97399000 	C:\WINDOWS\SYSTEM32\WSOCK32.dll
0x00007ffda4190000 - 0x00007ffda41b3000 	C:\WINDOWS\SYSTEM32\WINMM.dll
0x00007ffda9ae0000 - 0x00007ffda9b4c000 	C:\WINDOWS\System32\WS2_32.dll
0x00007ffda40d0000 - 0x00007ffda40fa000 	C:\WINDOWS\SYSTEM32\winmmbase.dll
0x00007ffd9ea70000 - 0x00007ffd9ea7a000 	C:\WINDOWS\SYSTEM32\VERSION.dll
0x00007ffda5fe0000 - 0x00007ffda6029000 	C:\WINDOWS\System32\cfgmgr32.dll
0x000000005abc0000 - 0x000000005abcf000 	E:\Develop\Java\jdk1.8.0_111\jre\bin\verify.dll
0x000000005ab90000 - 0x000000005abb9000 	E:\Develop\Java\jdk1.8.0_111\jre\bin\java.dll
0x000000005ab60000 - 0x000000005ab83000 	E:\Develop\Java\jdk1.8.0_111\jre\bin\instrument.dll
0x000000005ab40000 - 0x000000005ab56000 	E:\Develop\Java\jdk1.8.0_111\jre\bin\zip.dll
0x00007ffda7bf0000 - 0x00007ffda9034000 	C:\WINDOWS\System32\SHELL32.dll
0x00007ffda7600000 - 0x00007ffda76a9000 	C:\WINDOWS\System32\shcore.dll
0x00007ffda6130000 - 0x00007ffda6840000 	C:\WINDOWS\System32\windows.storage.dll
0x00007ffda7a00000 - 0x00007ffda7a51000 	C:\WINDOWS\System32\shlwapi.dll
0x00007ffda5f00000 - 0x00007ffda5f11000 	C:\WINDOWS\System32\kernel.appcore.dll
0x00007ffda5ed0000 - 0x00007ffda5eef000 	C:\WINDOWS\System32\profapi.dll
0x00007ffda5e80000 - 0x00007ffda5ecc000 	C:\WINDOWS\System32\powrprof.dll
0x00007ffda5ef0000 - 0x00007ffda5efa000 	C:\WINDOWS\System32\FLTLIB.DLL
0x00007ffd99fd0000 - 0x00007ffd99fea000 	C:\Program Files\JetBrains\IntelliJ IDEA 2019.1.2\bin\breakgen64.dll
0x000000005aaf0000 - 0x000000005ab0a000 	E:\Develop\Java\jdk1.8.0_111\jre\bin\net.dll
0x00007ffda5680000 - 0x00007ffda56e6000 	C:\WINDOWS\system32\mswsock.dll
0x00007ffda5410000 - 0x00007ffda54ce000 	C:\WINDOWS\SYSTEM32\DNSAPI.dll
0x00007ffda75d0000 - 0x00007ffda75d8000 	C:\WINDOWS\System32\NSI.dll
0x00007ffda53d0000 - 0x00007ffda5408000 	C:\WINDOWS\SYSTEM32\IPHLPAPI.DLL
0x00007ffd9a6b0000 - 0x00007ffd9a6ba000 	C:\Windows\System32\rasadhlp.dll
0x00007ffd9e680000 - 0x00007ffd9e6f2000 	C:\WINDOWS\System32\fwpuclnt.dll
0x00007ffda5960000 - 0x00007ffda5985000 	C:\WINDOWS\SYSTEM32\bcrypt.dll
0x000000005ab30000 - 0x000000005ab3d000 	E:\Develop\Java\jdk1.8.0_111\jre\bin\management.dll
0x000000005aad0000 - 0x000000005aae1000 	E:\Develop\Java\jdk1.8.0_111\jre\bin\nio.dll
0x00007ffda5840000 - 0x00007ffda5857000 	C:\WINDOWS\SYSTEM32\CRYPTSP.dll
0x00007ffda5230000 - 0x00007ffda5263000 	C:\WINDOWS\system32\rsaenh.dll
0x00007ffda5db0000 - 0x00007ffda5dd8000 	C:\WINDOWS\SYSTEM32\USERENV.dll
0x00007ffda5830000 - 0x00007ffda583b000 	C:\WINDOWS\SYSTEM32\CRYPTBASE.dll
0x00007ffd9eb50000 - 0x00007ffd9eb66000 	C:\WINDOWS\SYSTEM32\dhcpcsvc6.DLL
0x00007ffd9eb30000 - 0x00007ffd9eb4a000 	C:\WINDOWS\SYSTEM32\dhcpcsvc.DLL
0x00007ffd925f0000 - 0x00007ffd92606000 	C:\WINDOWS\system32\napinsp.dll
0x00007ffd925d0000 - 0x00007ffd925ea000 	C:\WINDOWS\system32\pnrpnsp.dll
0x00007ffda2790000 - 0x00007ffda27a9000 	C:\WINDOWS\system32\NLAapi.dll
0x00007ffd932b0000 - 0x00007ffd932be000 	C:\WINDOWS\System32\winrnr.dll
0x00007ffd92410000 - 0x00007ffd92425000 	C:\WINDOWS\System32\wshbth.dll
0x00007ffd94370000 - 0x00007ffd94539000 	C:\WINDOWS\SYSTEM32\dbghelp.dll

VM Arguments:
jvm_args: -XX:TieredStopAtLevel=1 -Xverify:none -Dspring.output.ansi.enabled=always -Dcom.sun.management.jmxremote -Dspring.jmx.enabled=true -Dspring.liveBeansView.mbeanDomain -Dspring.application.admin.enabled=true -javaagent:C:\Program Files\JetBrains\IntelliJ IDEA 2019.1.2\lib\idea_rt.jar=63672:C:\Program Files\JetBrains\IntelliJ IDEA 2019.1.2\bin -Dfile.encoding=UTF-8 
java_command: com.wangdao.mall.MallApplication
java_class_path (initial): E:\Develop\Java\jdk1.8.0_111\jre\lib\charsets.jar;E:\Develop\Java\jdk1.8.0_111\jre\lib\deploy.jar;E:\Develop\Java\jdk1.8.0_111\jre\lib\ext\access-bridge-64.jar;E:\Develop\Java\jdk1.8.0_111\jre\lib\ext\cldrdata.jar;E:\Develop\Java\jdk1.8.0_111\jre\lib\ext\dnsns.jar;E:\Develop\Java\jdk1.8.0_111\jre\lib\ext\jaccess.jar;E:\Develop\Java\jdk1.8.0_111\jre\lib\ext\jfxrt.jar;E:\Develop\Java\jdk1.8.0_111\jre\lib\ext\localedata.jar;E:\Develop\Java\jdk1.8.0_111\jre\lib\ext\nashorn.jar;E:\Develop\Java\jdk1.8.0_111\jre\lib\ext\sunec.jar;E:\Develop\Java\jdk1.8.0_111\jre\lib\ext\sunjce_provider.jar;E:\Develop\Java\jdk1.8.0_111\jre\lib\ext\sunmscapi.jar;E:\Develop\Java\jdk1.8.0_111\jre\lib\ext\sunpkcs11.jar;E:\Develop\Java\jdk1.8.0_111\jre\lib\ext\zipfs.jar;E:\Develop\Java\jdk1.8.0_111\jre\lib\javaws.jar;E:\Develop\Java\jdk1.8.0_111\jre\lib\jce.jar;E:\Develop\Java\jdk1.8.0_111\jre\lib\jfr.jar;E:\Develop\Java\jdk1.8.0_111\jre\lib\jfxswt.jar;E:\Develop\Java\jdk1.8.0_111\jre\lib\jsse.jar;E:\Develop\Java\jdk1.8.0_111\jre\lib\management-agent.jar;E:\Develop\Java\jdk1.8.0_111\jre\lib\plugin.jar;E:\Develop\Java\jdk1.8.0_111\jre\lib\resources.jar;E:\Develop\Java\jdk1.8.0_111\jre\lib\rt.jar;E:\git_repository\mall\target\classes;E:\Develop\maven\repository\org\springframework\boot\spring-boot-starter-web\2.2.1.RELEASE\spring-boot-starter-web-2.2.1.RELEASE.jar;E:\Develop\maven\repository\org\springframework\boot\spring-boot-starter\2.2.1.RELEASE\spring-boot-starter-2.2.1.RELEASE.jar;E:\Develop\maven\repository\org\springframework\boot\spring-boot\2.2.1.RELEASE\spring-boot-2.2.1.RELEASE.jar;E:\Develop\maven\repository\org\springframework\boot\spring-boot-starter-logging\2.2.1.RELEASE\spring-boot-starter-logging-2.2.1.RELEASE.jar;E:\Develop\maven\repository\ch\qos\logback\logback-classic\1.2.3\logback-classic-1.2.3.jar;E:\Develop\maven\repository\ch\qos\logback\logback-core\1.2.3\logback-core-1.2.3.jar;E:\Develop\maven\repository\org\apache\logging\log4j\log4j-to-slf
Launcher Type: SUN_STANDARD

Environment Variables:
JAVA_HOME=E:\Develop\Java\jdk1.8.0_111
PATH=E:\Develop\maven\apache-maven-3.6.1\bin;E:\Develop\Java\jdk1.8.0_111\bin;C:\Program Files\MySQL\MySQL Server 5.7\bin;C:\Windows\system32;C:\Windows;C:\Windows\System32\Wbem;C:\Windows\System32\WindowsPowerShell\v1.0\;C:\Program Files (x86)\NVIDIA Corporation\PhysX\Common;C:\WINDOWS\system32;C:\WINDOWS;C:\WINDOWS\System32\Wbem;C:\WINDOWS\System32\WindowsPowerShell\v1.0\;C:\WINDOWS\System32\OpenSSH\;F:\QQ\Bin;E:\Microsoft VS Code\bin;C:\Program Files\nodejs\;C:\Program Files\MySQL\MySQL Shell 8.0\bin\;C:\Users\Administrator\AppData\Roaming\npm;C:\Users\Administrator\AppData\Local\GitHubDesktop\bin
USERNAME=Administrator
OS=Windows_NT
PROCESSOR_IDENTIFIER=Intel64 Family 6 Model 58 Stepping 9, GenuineIntel



---------------  S Y S T E M  ---------------

OS: Windows 10.0 , 64 bit Build 17134 (10.0.17134.753)

CPU:total 4 (2 cores per cpu, 2 threads per core) family 6 model 58 stepping 9, cmov, cx8, fxsr, mmx, sse, sse2, sse3, ssse3, sse4.1, sse4.2, popcnt, avx, aes, clmul, erms, ht, tsc, tscinvbit, tscinv

Memory: 4k page, physical 8271252k(1725840k free), swap 9468468k(3072k free)

vm_info: Java HotSpot(TM) 64-Bit Server VM (25.111-b14) for windows-amd64 JRE (1.8.0_111-b14), built on Sep 22 2016 19:24:05 by "java_re" with MS VC++ 10.0 (VS2010)

time: Mon Nov 18 22:02:48 2019
elapsed time: 2 seconds (0d 0h 0m 2s)

